# JRE version: Java(TM) SE Runtime Environment (7.0_79-b15) (build 1.7.0_79-b15)
# Java VM: Java HotSpot(TM) 64-Bit Server VM (24.79-b02 mixed mode windows-amd64 compressed oops)
Heap
 PSYoungGen      total 38400K, used 37803K [0x0000000795500000, 0x0000000797f80000, 0x0000000800000000)
  eden space 33280K, 100% used [0x0000000795500000,0x0000000797580000,0x0000000797580000)
  from space 5120K, 88% used [0x0000000797580000,0x00000007979ead80,0x0000000797a80000)
  to   space 5120K, 63% used [0x0000000797a80000,0x0000000797db1640,0x0000000797f80000)
 ParOldGen       total 86528K, used 16K [0x00000006c0000000, 0x00000006c5480000, 0x0000000795500000)
  object space 86528K, 0% used [0x00000006c0000000,0x00000006c0004000,0x00000006c5480000)
 PSPermGen       total 21504K, used 13932K [0x00000006bae00000, 0x00000006bc300000, 0x00000006c0000000)
  object space 21504K, 64% used [0x00000006bae00000,0x00000006bbb9b270,0x00000006bc300000)
GC Heap History (3 events):
Event: 0.940 GC heap before
{Heap before GC invocations=1 (full 0):
 PSYoungGen      total 38400K, used 33280K [0x0000000795500000, 0x0000000797f80000, 0x0000000800000000)
  eden space 33280K, 100% used [0x0000000795500000,0x0000000797580000,0x0000000797580000)
  from space 5120K, 0% used [0x0000000797a80000,0x0000000797a80000,0x0000000797f80000)
  to   space 5120K, 0% used [0x0000000797580000,0x0000000797580000,0x0000000797a80000)
 ParOldGen       total 86528K, used 0K [0x00000006c0000000, 0x00000006c5480000, 0x0000000795500000)
  object space 86528K, 0% used [0x00000006c0000000,0x00000006c0000000,0x00000006c5480000)
 PSPermGen       total 21504K, used 6965K [0x00000006bae00000, 0x00000006bc300000, 0x00000006c0000000)
  object space 21504K, 32% used [0x00000006bae00000,0x00000006bb4cd428,0x00000006bc300000)
Event: 0.948 GC heap after
Heap after GC invocations=1 (full 0):
 PSYoungGen      total 38400K, used 4523K [0x0000000795500000, 0x0000000797f80000, 0x0000000800000000)
  eden space 33280K, 0% used [0x0000000795500000,0x0000000795500000,0x0000000797580000)
  from space 5120K, 88% used [0x0000000797580000,0x00000007979ead80,0x0000000797a80000)
  to   space 5120K, 0% used [0x0000000797a80000,0x0000000797a80000,0x0000000797f80000)
 ParOldGen       total 86528K, used 8K [0x00000006c0000000, 0x00000006c5480000, 0x0000000795500000)
  object space 86528K, 0% used [0x00000006c0000000,0x00000006c0002000,0x00000006c5480000)
 PSPermGen       total 21504K, used 6965K [0x00000006bae00000, 0x00000006bc300000, 0x00000006c0000000)
  object space 21504K, 32% used [0x00000006bae00000,0x00000006bb4cd428,0x00000006bc300000)
}
Event: 2.810 GC heap before
{Heap before GC invocations=2 (full 0):
 PSYoungGen      total 38400K, used 37803K [0x0000000795500000, 0x0000000797f80000, 0x0000000800000000)
  eden space 33280K, 100% used [0x0000000795500000,0x0000000797580000,0x0000000797580000)
  from space 5120K, 88% used [0x0000000797580000,0x00000007979ead80,0x0000000797a80000)
  to   space 5120K, 0% used [0x0000000797a80000,0x0000000797a80000,0x0000000797f80000)
 ParOldGen       total 86528K, used 8K [0x00000006c0000000, 0x00000006c5480000, 0x0000000795500000)
  object space 86528K, 0% used [0x00000006c0000000,0x00000006c0002000,0x00000006c5480000)
 PSPermGen       total 21504K, used 13932K [0x00000006bae00000, 0x00000006bc300000, 0x00000006c0000000)
  object space 21504K, 64% used [0x00000006bae00000,0x00000006bbb9b270,0x00000006bc300000)

