# JRE version: Java(TM) SE Runtime Environment (7.0_79-b15) (build 1.7.0_79-b15)
# Java VM: Java HotSpot(TM) 64-Bit Server VM (24.79-b02 mixed mode windows-amd64 compressed oops)
Heap
 PSYoungGen      total 286208K, used 241320K [0x0000000795500000, 0x00000007b9200000, 0x0000000800000000)
  eden space 261632K, 82% used [0x0000000795500000,0x00000007a28b1570,0x00000007a5480000)
  from space 24576K, 99% used [0x00000007a5480000,0x00000007a6c78ae0,0x00000007a6c80000)
  to   space 31744K, 0% used [0x00000007b7300000,0x00000007b7300000,0x00000007b9200000)
 ParOldGen       total 86528K, used 34769K [0x00000006c0000000, 0x00000006c5480000, 0x0000000795500000)
  object space 86528K, 40% used [0x00000006c0000000,0x00000006c21f4668,0x00000006c5480000)
 PSPermGen       total 53248K, used 53094K [0x00000006bae00000, 0x00000006be200000, 0x00000006c0000000)
  object space 53248K, 99% used [0x00000006bae00000,0x00000006be1d9ad8,0x00000006be200000)
GC Heap History (10 events):
Event: 4.663 GC heap before
{Heap before GC invocations=3 (full 0):
 PSYoungGen      total 71680K, used 71666K [0x0000000795500000, 0x000000079a000000, 0x0000000800000000)
  eden space 66560K, 100% used [0x0000000795500000,0x0000000799600000,0x0000000799600000)
  from space 5120K, 99% used [0x0000000799b00000,0x0000000799ffca50,0x000000079a000000)
  to   space 5120K, 0% used [0x0000000799600000,0x0000000799600000,0x0000000799b00000)
 ParOldGen       total 86528K, used 1981K [0x00000006c0000000, 0x00000006c5480000, 0x0000000795500000)
  object space 86528K, 2% used [0x00000006c0000000,0x00000006c01ef448,0x00000006c5480000)
 PSPermGen       total 21504K, used 20685K [0x00000006bae00000, 0x00000006bc300000, 0x00000006c0000000)
  object space 21504K, 96% used [0x00000006bae00000,0x00000006bc233690,0x00000006bc300000)
Event: 4.681 GC heap after
Heap after GC invocations=3 (full 0):
 PSYoungGen      total 71680K, used 5109K [0x0000000795500000, 0x000000079e100000, 0x0000000800000000)
  eden space 66560K, 0% used [0x0000000795500000,0x0000000795500000,0x0000000799600000)
  from space 5120K, 99% used [0x0000000799600000,0x0000000799afd650,0x0000000799b00000)
  to   space 5120K, 0% used [0x000000079dc00000,0x000000079dc00000,0x000000079e100000)
 ParOldGen       total 86528K, used 9599K [0x00000006c0000000, 0x00000006c5480000, 0x0000000795500000)
  object space 86528K, 11% used [0x00000006c0000000,0x00000006c095fe78,0x00000006c5480000)
 PSPermGen       total 21504K, used 20685K [0x00000006bae00000, 0x00000006bc300000, 0x00000006c0000000)
  object space 21504K, 96% used [0x00000006bae00000,0x00000006bc233690,0x00000006bc300000)
}
Event: 6.035 GC heap before
{Heap before GC invocations=4 (full 0):
 PSYoungGen      total 71680K, used 71669K [0x0000000795500000, 0x000000079e100000, 0x0000000800000000)
  eden space 66560K, 100% used [0x0000000795500000,0x0000000799600000,0x0000000799600000)
  from space 5120K, 99% used [0x0000000799600000,0x0000000799afd650,0x0000000799b00000)
  to   space 5120K, 0% used [0x000000079dc00000,0x000000079dc00000,0x000000079e100000)
 ParOldGen       total 86528K, used 9599K [0x00000006c0000000, 0x00000006c5480000, 0x0000000795500000)
  object space 86528K, 11% used [0x00000006c0000000,0x00000006c095fe78,0x00000006c5480000)
 PSPermGen       total 26112K, used 25849K [0x00000006bae00000, 0x00000006bc780000, 0x00000006c0000000)
  object space 26112K, 98% used [0x00000006bae00000,0x00000006bc73e488,0x00000006bc780000)
Event: 6.051 GC heap after
Heap after GC invocations=4 (full 0):
 PSYoungGen      total 138240K, used 5109K [0x0000000795500000, 0x000000079e100000, 0x0000000800000000)
  eden space 133120K, 0% used [0x0000000795500000,0x0000000795500000,0x000000079d700000)
  from space 5120K, 99% used [0x000000079dc00000,0x000000079e0fd630,0x000000079e100000)
  to   space 5120K, 0% used [0x000000079d700000,0x000000079d700000,0x000000079dc00000)
 ParOldGen       total 86528K, used 14967K [0x00000006c0000000, 0x00000006c5480000, 0x0000000795500000)
  object space 86528K, 17% used [0x00000006c0000000,0x00000006c0e9dcd0,0x00000006c5480000)
 PSPermGen       total 26112K, used 25849K [0x00000006bae00000, 0x00000006bc780000, 0x00000006c0000000)
  object space 26112K, 98% used [0x00000006bae00000,0x00000006bc73e488,0x00000006bc780000)
}
Event: 8.666 GC heap before
{Heap before GC invocations=5 (full 0):
 PSYoungGen      total 138240K, used 138229K [0x0000000795500000, 0x000000079e100000, 0x0000000800000000)
  eden space 133120K, 100% used [0x0000000795500000,0x000000079d700000,0x000000079d700000)
  from space 5120K, 99% used [0x000000079dc00000,0x000000079e0fd630,0x000000079e100000)
  to   space 5120K, 0% used [0x000000079d700000,0x000000079d700000,0x000000079dc00000)
 ParOldGen       total 86528K, used 14967K [0x00000006c0000000, 0x00000006c5480000, 0x0000000795500000)
  object space 86528K, 17% used [0x00000006c0000000,0x00000006c0e9dcd0,0x00000006c5480000)
 PSPermGen       total 32256K, used 32217K [0x00000006bae00000, 0x00000006bcd80000, 0x00000006c0000000)
  object space 32256K, 99% used [0x00000006bae00000,0x00000006bcd76610,0x00000006bcd80000)
Event: 8.692 GC heap after
Heap after GC invocations=5 (full 0):
 PSYoungGen      total 138240K, used 5097K [0x0000000795500000, 0x00000007a8000000, 0x0000000800000000)
  eden space 133120K, 0% used [0x0000000795500000,0x0000000795500000,0x000000079d700000)
  from space 5120K, 99% used [0x000000079d700000,0x000000079dbfa640,0x000000079dc00000)
  to   space 19968K, 0% used [0x00000007a6c80000,0x00000007a6c80000,0x00000007a8000000)
 ParOldGen       total 86528K, used 28267K [0x00000006c0000000, 0x00000006c5480000, 0x0000000795500000)
  object space 86528K, 32% used [0x00000006c0000000,0x00000006c1b9ad48,0x00000006c5480000)
 PSPermGen       total 32256K, used 32217K [0x00000006bae00000, 0x00000006bcd80000, 0x00000006c0000000)
  object space 32256K, 99% used [0x00000006bae00000,0x00000006bcd76610,0x00000006bcd80000)
}
Event: 11.274 GC heap before
{Heap before GC invocations=6 (full 0):
 PSYoungGen      total 138240K, used 138217K [0x0000000795500000, 0x00000007a8000000, 0x0000000800000000)
  eden space 133120K, 100% used [0x0000000795500000,0x000000079d700000,0x000000079d700000)
  from space 5120K, 99% used [0x000000079d700000,0x000000079dbfa640,0x000000079dc00000)
  to   space 19968K, 0% used [0x00000007a6c80000,0x00000007a6c80000,0x00000007a8000000)
 ParOldGen       total 86528K, used 28267K [0x00000006c0000000, 0x00000006c5480000, 0x0000000795500000)
  object space 86528K, 32% used [0x00000006c0000000,0x00000006c1b9ad48,0x00000006c5480000)
 PSPermGen       total 41472K, used 41337K [0x00000006bae00000, 0x00000006bd680000, 0x00000006c0000000)
  object space 41472K, 99% used [0x00000006bae00000,0x00000006bd65e6a8,0x00000006bd680000)
Event: 11.307 GC heap after
Heap after GC invocations=6 (full 0):
 PSYoungGen      total 281600K, used 19951K [0x0000000795500000, 0x00000007a8900000, 0x0000000800000000)
  eden space 261632K, 0% used [0x0000000795500000,0x0000000795500000,0x00000007a5480000)
  from space 19968K, 99% used [0x00000007a6c80000,0x00000007a7ffbd88,0x00000007a8000000)
  to   space 24576K, 0% used [0x00000007a5480000,0x00000007a5480000,0x00000007a6c80000)
 ParOldGen       total 86528K, used 29092K [0x00000006c0000000, 0x00000006c5480000, 0x0000000795500000)
  object space 86528K, 33% used [0x00000006c0000000,0x00000006c1c69298,0x00000006c5480000)
 PSPermGen       total 41472K, used 41337K [0x00000006bae00000, 0x00000006bd680000, 0x00000006c0000000)
  object space 41472K, 99% used [0x00000006bae00000,0x00000006bd65e6a8,0x00000006bd680000)
}
Event: 17.018 GC heap before
{Heap before GC invocations=7 (full 0):
 PSYoungGen      total 281600K, used 281583K [0x0000000795500000, 0x00000007a8900000, 0x0000000800000000)
  eden space 261632K, 100% used [0x0000000795500000,0x00000007a5480000,0x00000007a5480000)
  from space 19968K, 99% used [0x00000007a6c80000,0x00000007a7ffbd88,0x00000007a8000000)
  to   space 24576K, 0% used [0x00000007a5480000,0x00000007a5480000,0x00000007a6c80000)
 ParOldGen       total 86528K, used 29092K [0x00000006c0000000, 0x00000006c5480000, 0x0000000795500000)
  object space 86528K, 33% used [0x00000006c0000000,0x00000006c1c69298,0x00000006c5480000)
 PSPermGen       total 46080K, used 45602K [0x00000006bae00000, 0x00000006bdb00000, 0x00000006c0000000)
  object space 46080K, 98% used [0x00000006bae00000,0x00000006bda88bd8,0x00000006bdb00000)
Event: 17.069 GC heap after
Heap after GC invocations=7 (full 0):
 PSYoungGen      total 286208K, used 24546K [0x0000000795500000, 0x00000007b9200000, 0x0000000800000000)
  eden space 261632K, 0% used [0x0000000795500000,0x0000000795500000,0x00000007a5480000)
  from space 24576K, 99% used [0x00000007a5480000,0x00000007a6c78ae0,0x00000007a6c80000)
  to   space 31744K, 0% used [0x00000007b7300000,0x00000007b7300000,0x00000007b9200000)
 ParOldGen       total 86528K, used 34769K [0x00000006c0000000, 0x00000006c5480000, 0x0000000795500000)
  object space 86528K, 40% used [0x00000006c0000000,0x00000006c21f4668,0x00000006c5480000)
 PSPermGen       total 46080K, used 45602K [0x00000006bae00000, 0x00000006bdb00000, 0x00000006c0000000)
  object space 46080K, 98% used [0x00000006bae00000,0x00000006bda88bd8,0x00000006bdb00000)
}

