# JRE version: Java(TM) SE Runtime Environment (7.0_79-b15) (build 1.7.0_79-b15)
# Java VM: Java HotSpot(TM) 64-Bit Server VM (24.79-b02 mixed mode windows-amd64 compressed oops)
Heap
 PSYoungGen      total 442368K, used 92475K [0x0000000795500000, 0x00000007b2b00000, 0x0000000800000000)
  eden space 411136K, 16% used [0x0000000795500000,0x000000079971de10,0x00000007ae680000)
  from space 31232K, 79% used [0x00000007b0780000,0x00000007b1fb0f68,0x00000007b2600000)
  to   space 33792K, 0% used [0x00000007ae680000,0x00000007ae680000,0x00000007b0780000)
 ParOldGen       total 86528K, used 50729K [0x00000006c0000000, 0x00000006c5480000, 0x0000000795500000)
  object space 86528K, 58% used [0x00000006c0000000,0x00000006c318a558,0x00000006c5480000)
 PSPermGen       total 54272K, used 54042K [0x00000006bae00000, 0x00000006be300000, 0x00000006c0000000)
  object space 54272K, 99% used [0x00000006bae00000,0x00000006be2c6aa0,0x00000006be300000)
GC Heap History (10 events):
Event: 7.069 GC heap before
{Heap before GC invocations=6 (full 0):
 PSYoungGen      total 71680K, used 71653K [0x0000000795500000, 0x000000079f000000, 0x0000000800000000)
  eden space 66560K, 100% used [0x0000000795500000,0x0000000799600000,0x0000000799600000)
  from space 5120K, 99% used [0x0000000799600000,0x0000000799af9640,0x0000000799b00000)
  to   space 12800K, 0% used [0x000000079e380000,0x000000079e380000,0x000000079f000000)
 ParOldGen       total 86528K, used 15049K [0x00000006c0000000, 0x00000006c5480000, 0x0000000795500000)
  object space 86528K, 17% used [0x00000006c0000000,0x00000006c0eb25d8,0x00000006c5480000)
 PSPermGen       total 29184K, used 28951K [0x00000006bae00000, 0x00000006bca80000, 0x00000006c0000000)
  object space 29184K, 99% used [0x00000006bae00000,0x00000006bca45c60,0x00000006bca80000)
Event: 7.086 GC heap after
Heap after GC invocations=6 (full 0):
 PSYoungGen      total 144896K, used 10791K [0x0000000795500000, 0x000000079f200000, 0x0000000800000000)
  eden space 132096K, 0% used [0x0000000795500000,0x0000000795500000,0x000000079d600000)
  from space 12800K, 84% used [0x000000079e380000,0x000000079ee09cb0,0x000000079f000000)
  to   space 13824K, 0% used [0x000000079d600000,0x000000079d600000,0x000000079e380000)
 ParOldGen       total 86528K, used 15057K [0x00000006c0000000, 0x00000006c5480000, 0x0000000795500000)
  object space 86528K, 17% used [0x00000006c0000000,0x00000006c0eb45d8,0x00000006c5480000)
 PSPermGen       total 29184K, used 28951K [0x00000006bae00000, 0x00000006bca80000, 0x00000006c0000000)
  object space 29184K, 99% used [0x00000006bae00000,0x00000006bca45c60,0x00000006bca80000)
}
Event: 9.367 GC heap before
{Heap before GC invocations=7 (full 0):
 PSYoungGen      total 144896K, used 142887K [0x0000000795500000, 0x000000079f200000, 0x0000000800000000)
  eden space 132096K, 100% used [0x0000000795500000,0x000000079d600000,0x000000079d600000)
  from space 12800K, 84% used [0x000000079e380000,0x000000079ee09cb0,0x000000079f000000)
  to   space 13824K, 0% used [0x000000079d600000,0x000000079d600000,0x000000079e380000)
 ParOldGen       total 86528K, used 15057K [0x00000006c0000000, 0x00000006c5480000, 0x0000000795500000)
  object space 86528K, 17% used [0x00000006c0000000,0x00000006c0eb45d8,0x00000006c5480000)
 PSPermGen       total 38912K, used 38522K [0x00000006bae00000, 0x00000006bd400000, 0x00000006c0000000)
  object space 38912K, 98% used [0x00000006bae00000,0x00000006bd39e9d8,0x00000006bd400000)
Event: 9.397 GC heap after
Heap after GC invocations=7 (full 0):
 PSYoungGen      total 145920K, used 13819K [0x0000000795500000, 0x00000007a7e00000, 0x0000000800000000)
  eden space 132096K, 0% used [0x0000000795500000,0x0000000795500000,0x000000079d600000)
  from space 13824K, 99% used [0x000000079d600000,0x000000079e37ef90,0x000000079e380000)
  to   space 19968K, 0% used [0x00000007a6a80000,0x00000007a6a80000,0x00000007a7e00000)
 ParOldGen       total 86528K, used 23361K [0x00000006c0000000, 0x00000006c5480000, 0x0000000795500000)
  object space 86528K, 26% used [0x00000006c0000000,0x00000006c16d07b8,0x00000006c5480000)
 PSPermGen       total 38912K, used 38522K [0x00000006bae00000, 0x00000006bd400000, 0x00000006c0000000)
  object space 38912K, 98% used [0x00000006bae00000,0x00000006bd39e9d8,0x00000006bd400000)
}
Event: 15.778 GC heap before
{Heap before GC invocations=8 (full 0):
 PSYoungGen      total 145920K, used 145915K [0x0000000795500000, 0x00000007a7e00000, 0x0000000800000000)
  eden space 132096K, 100% used [0x0000000795500000,0x000000079d600000,0x000000079d600000)
  from space 13824K, 99% used [0x000000079d600000,0x000000079e37ef90,0x000000079e380000)
  to   space 19968K, 0% used [0x00000007a6a80000,0x00000007a6a80000,0x00000007a7e00000)
 ParOldGen       total 86528K, used 23361K [0x00000006c0000000, 0x00000006c5480000, 0x0000000795500000)
  object space 86528K, 26% used [0x00000006c0000000,0x00000006c16d07b8,0x00000006c5480000)
 PSPermGen       total 43008K, used 42800K [0x00000006bae00000, 0x00000006bd800000, 0x00000006c0000000)
  object space 43008K, 99% used [0x00000006bae00000,0x00000006bd7cc2d0,0x00000006bd800000)
Event: 15.818 GC heap after
Heap after GC invocations=8 (full 0):
 PSYoungGen      total 278528K, used 19960K [0x0000000795500000, 0x00000007a8900000, 0x0000000800000000)
  eden space 258560K, 0% used [0x0000000795500000,0x0000000795500000,0x00000007a5180000)
  from space 19968K, 99% used [0x00000007a6a80000,0x00000007a7dfe310,0x00000007a7e00000)
  to   space 25600K, 0% used [0x00000007a5180000,0x00000007a5180000,0x00000007a6a80000)
 ParOldGen       total 86528K, used 29722K [0x00000006c0000000, 0x00000006c5480000, 0x0000000795500000)
  object space 86528K, 34% used [0x00000006c0000000,0x00000006c1d06a78,0x00000006c5480000)
 PSPermGen       total 43008K, used 42800K [0x00000006bae00000, 0x00000006bd800000, 0x00000006c0000000)
  object space 43008K, 99% used [0x00000006bae00000,0x00000006bd7cc2d0,0x00000006bd800000)
}
Event: 18.520 GC heap before
{Heap before GC invocations=9 (full 0):
 PSYoungGen      total 278528K, used 278303K [0x0000000795500000, 0x00000007a8900000, 0x0000000800000000)
  eden space 258560K, 99% used [0x0000000795500000,0x00000007a5149af8,0x00000007a5180000)
  from space 19968K, 99% used [0x00000007a6a80000,0x00000007a7dfe310,0x00000007a7e00000)
  to   space 25600K, 0% used [0x00000007a5180000,0x00000007a5180000,0x00000007a6a80000)
 ParOldGen       total 86528K, used 29722K [0x00000006c0000000, 0x00000006c5480000, 0x0000000795500000)
  object space 86528K, 34% used [0x00000006c0000000,0x00000006c1d06a78,0x00000006c5480000)
 PSPermGen       total 46080K, used 45717K [0x00000006bae00000, 0x00000006bdb00000, 0x00000006c0000000)
  object space 46080K, 99% used [0x00000006bae00000,0x00000006bdaa5418,0x00000006bdb00000)
Event: 18.560 GC heap after
Heap after GC invocations=9 (full 0):
 PSYoungGen      total 284160K, used 25570K [0x0000000795500000, 0x00000007b2600000, 0x0000000800000000)
  eden space 258560K, 0% used [0x0000000795500000,0x0000000795500000,0x00000007a5180000)
  from space 25600K, 99% used [0x00000007a5180000,0x00000007a6a78a30,0x00000007a6a80000)
  to   space 31232K, 0% used [0x00000007b0780000,0x00000007b0780000,0x00000007b2600000)
 ParOldGen       total 86528K, used 34162K [0x00000006c0000000, 0x00000006c5480000, 0x0000000795500000)
  object space 86528K, 39% used [0x00000006c0000000,0x00000006c215c9a0,0x00000006c5480000)
 PSPermGen       total 46080K, used 45717K [0x00000006bae00000, 0x00000006bdb00000, 0x00000006c0000000)
  object space 46080K, 99% used [0x00000006bae00000,0x00000006bdaa5418,0x00000006bdb00000)
}
Event: 23.779 GC heap before
{Heap before GC invocations=10 (full 0):
 PSYoungGen      total 284160K, used 284130K [0x0000000795500000, 0x00000007b2600000, 0x0000000800000000)
  eden space 258560K, 100% used [0x0000000795500000,0x00000007a5180000,0x00000007a5180000)
  from space 25600K, 99% used [0x00000007a5180000,0x00000007a6a78a30,0x00000007a6a80000)
  to   space 31232K, 0% used [0x00000007b0780000,0x00000007b0780000,0x00000007b2600000)
 ParOldGen       total 86528K, used 34162K [0x00000006c0000000, 0x00000006c5480000, 0x0000000795500000)
  object space 86528K, 39% used [0x00000006c0000000,0x00000006c215c9a0,0x00000006c5480000)
 PSPermGen       total 54272K, used 53985K [0x00000006bae00000, 0x00000006be300000, 0x00000006c0000000)
  object space 54272K, 99% used [0x00000006bae00000,0x00000006be2b85c8,0x00000006be300000)
Event: 23.822 GC heap after
Heap after GC invocations=10 (full 0):
 PSYoungGen      total 442368K, used 24771K [0x0000000795500000, 0x00000007b2b00000, 0x0000000800000000)
  eden space 411136K, 0% used [0x0000000795500000,0x0000000795500000,0x00000007ae680000)
  from space 31232K, 79% used [0x00000007b0780000,0x00000007b1fb0f68,0x00000007b2600000)
  to   space 33792K, 0% used [0x00000007ae680000,0x00000007ae680000,0x00000007b0780000)
 ParOldGen       total 86528K, used 50729K [0x00000006c0000000, 0x00000006c5480000, 0x0000000795500000)
  object space 86528K, 58% used [0x00000006c0000000,0x00000006c318a558,0x00000006c5480000)
 PSPermGen       total 54272K, used 53985K [0x00000006bae00000, 0x00000006be300000, 0x00000006c0000000)
  object space 54272K, 99% used [0x00000006bae00000,0x00000006be2b85c8,0x00000006be300000)
}

