# JRE version: Java(TM) SE Runtime Environment (7.0_79-b15) (build 1.7.0_79-b15)
# Java VM: Java HotSpot(TM) 64-Bit Server VM (24.79-b02 mixed mode windows-amd64 compressed oops)
Heap
 PSYoungGen      total 138240K, used 90399K [0x0000000795500000, 0x00000007a8000000, 0x0000000800000000)
  eden space 133120K, 64% used [0x0000000795500000,0x000000079a84a838,0x000000079d700000)
  from space 5120K, 99% used [0x000000079d700000,0x000000079dbfd630,0x000000079dc00000)
  to   space 19968K, 0% used [0x00000007a6c80000,0x00000007a6c80000,0x00000007a8000000)
 ParOldGen       total 86528K, used 27242K [0x00000006c0000000, 0x00000006c5480000, 0x0000000795500000)
  object space 86528K, 31% used [0x00000006c0000000,0x00000006c1a9abd0,0x00000006c5480000)
 PSPermGen       total 39424K, used 39202K [0x00000006bae00000, 0x00000006bd480000, 0x00000006c0000000)
  object space 39424K, 99% used [0x00000006bae00000,0x00000006bd448a00,0x00000006bd480000)
GC Heap History (10 events):
Event: 1.543 GC heap before
{Heap before GC invocations=1 (full 0):
 PSYoungGen      total 38400K, used 33280K [0x0000000795500000, 0x0000000797f80000, 0x0000000800000000)
  eden space 33280K, 100% used [0x0000000795500000,0x0000000797580000,0x0000000797580000)
  from space 5120K, 0% used [0x0000000797a80000,0x0000000797a80000,0x0000000797f80000)
  to   space 5120K, 0% used [0x0000000797580000,0x0000000797580000,0x0000000797a80000)
 ParOldGen       total 86528K, used 0K [0x00000006c0000000, 0x00000006c5480000, 0x0000000795500000)
  object space 86528K, 0% used [0x00000006c0000000,0x00000006c0000000,0x00000006c5480000)
 PSPermGen       total 21504K, used 7015K [0x00000006bae00000, 0x00000006bc300000, 0x00000006c0000000)
  object space 21504K, 32% used [0x00000006bae00000,0x00000006bb4d9e10,0x00000006bc300000)
Event: 1.579 GC heap after
Heap after GC invocations=1 (full 0):
 PSYoungGen      total 38400K, used 4569K [0x0000000795500000, 0x000000079a000000, 0x0000000800000000)
  eden space 33280K, 0% used [0x0000000795500000,0x0000000795500000,0x0000000797580000)
  from space 5120K, 89% used [0x0000000797580000,0x00000007979f6690,0x0000000797a80000)
  to   space 5120K, 0% used [0x0000000799b00000,0x0000000799b00000,0x000000079a000000)
 ParOldGen       total 86528K, used 8K [0x00000006c0000000, 0x00000006c5480000, 0x0000000795500000)
  object space 86528K, 0% used [0x00000006c0000000,0x00000006c0002000,0x00000006c5480000)
 PSPermGen       total 21504K, used 7015K [0x00000006bae00000, 0x00000006bc300000, 0x00000006c0000000)
  object space 21504K, 32% used [0x00000006bae00000,0x00000006bb4d9e10,0x00000006bc300000)
}
Event: 3.641 GC heap before
{Heap before GC invocations=2 (full 0):
 PSYoungGen      total 38400K, used 37849K [0x0000000795500000, 0x000000079a000000, 0x0000000800000000)
  eden space 33280K, 100% used [0x0000000795500000,0x0000000797580000,0x0000000797580000)
  from space 5120K, 89% used [0x0000000797580000,0x00000007979f6690,0x0000000797a80000)
  to   space 5120K, 0% used [0x0000000799b00000,0x0000000799b00000,0x000000079a000000)
 ParOldGen       total 86528K, used 8K [0x00000006c0000000, 0x00000006c5480000, 0x0000000795500000)
  object space 86528K, 0% used [0x00000006c0000000,0x00000006c0002000,0x00000006c5480000)
 PSPermGen       total 21504K, used 12595K [0x00000006bae00000, 0x00000006bc300000, 0x00000006c0000000)
  object space 21504K, 58% used [0x00000006bae00000,0x00000006bba4ccd0,0x00000006bc300000)
Event: 3.653 GC heap after
Heap after GC invocations=2 (full 0):
 PSYoungGen      total 71680K, used 5108K [0x0000000795500000, 0x000000079a000000, 0x0000000800000000)
  eden space 66560K, 0% used [0x0000000795500000,0x0000000795500000,0x0000000799600000)
  from space 5120K, 99% used [0x0000000799b00000,0x0000000799ffd268,0x000000079a000000)
  to   space 5120K, 0% used [0x0000000799600000,0x0000000799600000,0x0000000799b00000)
 ParOldGen       total 86528K, used 1481K [0x00000006c0000000, 0x00000006c5480000, 0x0000000795500000)
  object space 86528K, 1% used [0x00000006c0000000,0x00000006c01726b0,0x00000006c5480000)
 PSPermGen       total 21504K, used 12595K [0x00000006bae00000, 0x00000006bc300000, 0x00000006c0000000)
  object space 21504K, 58% used [0x00000006bae00000,0x00000006bba4ccd0,0x00000006bc300000)
}
Event: 4.875 GC heap before
{Heap before GC invocations=3 (full 0):
 PSYoungGen      total 71680K, used 71668K [0x0000000795500000, 0x000000079a000000, 0x0000000800000000)
  eden space 66560K, 100% used [0x0000000795500000,0x0000000799600000,0x0000000799600000)
  from space 5120K, 99% used [0x0000000799b00000,0x0000000799ffd268,0x000000079a000000)
  to   space 5120K, 0% used [0x0000000799600000,0x0000000799600000,0x0000000799b00000)
 ParOldGen       total 86528K, used 1481K [0x00000006c0000000, 0x00000006c5480000, 0x0000000795500000)
  object space 86528K, 1% used [0x00000006c0000000,0x00000006c01726b0,0x00000006c5480000)
 PSPermGen       total 21504K, used 20604K [0x00000006bae00000, 0x00000006bc300000, 0x00000006c0000000)
  object space 21504K, 95% used [0x00000006bae00000,0x00000006bc21f138,0x00000006bc300000)
Event: 4.891 GC heap after
Heap after GC invocations=3 (full 0):
 PSYoungGen      total 71680K, used 5109K [0x0000000795500000, 0x000000079e100000, 0x0000000800000000)
  eden space 66560K, 0% used [0x0000000795500000,0x0000000795500000,0x0000000799600000)
  from space 5120K, 99% used [0x0000000799600000,0x0000000799afd630,0x0000000799b00000)
  to   space 5120K, 0% used [0x000000079dc00000,0x000000079dc00000,0x000000079e100000)
 ParOldGen       total 86528K, used 9097K [0x00000006c0000000, 0x00000006c5480000, 0x0000000795500000)
  object space 86528K, 10% used [0x00000006c0000000,0x00000006c08e26e0,0x00000006c5480000)
 PSPermGen       total 21504K, used 20604K [0x00000006bae00000, 0x00000006bc300000, 0x00000006c0000000)
  object space 21504K, 95% used [0x00000006bae00000,0x00000006bc21f138,0x00000006bc300000)
}
Event: 6.154 GC heap before
{Heap before GC invocations=4 (full 0):
 PSYoungGen      total 71680K, used 71669K [0x0000000795500000, 0x000000079e100000, 0x0000000800000000)
  eden space 66560K, 100% used [0x0000000795500000,0x0000000799600000,0x0000000799600000)
  from space 5120K, 99% used [0x0000000799600000,0x0000000799afd630,0x0000000799b00000)
  to   space 5120K, 0% used [0x000000079dc00000,0x000000079dc00000,0x000000079e100000)
 ParOldGen       total 86528K, used 9097K [0x00000006c0000000, 0x00000006c5480000, 0x0000000795500000)
  object space 86528K, 10% used [0x00000006c0000000,0x00000006c08e26e0,0x00000006c5480000)
 PSPermGen       total 26112K, used 25827K [0x00000006bae00000, 0x00000006bc780000, 0x00000006c0000000)
  object space 26112K, 98% used [0x00000006bae00000,0x00000006bc738e40,0x00000006bc780000)
Event: 6.186 GC heap after
Heap after GC invocations=4 (full 0):
 PSYoungGen      total 138240K, used 5093K [0x0000000795500000, 0x000000079e100000, 0x0000000800000000)
  eden space 133120K, 0% used [0x0000000795500000,0x0000000795500000,0x000000079d700000)
  from space 5120K, 99% used [0x000000079dc00000,0x000000079e0f9620,0x000000079e100000)
  to   space 5120K, 0% used [0x000000079d700000,0x000000079d700000,0x000000079dc00000)
 ParOldGen       total 86528K, used 14564K [0x00000006c0000000, 0x00000006c5480000, 0x0000000795500000)
  object space 86528K, 16% used [0x00000006c0000000,0x00000006c0e39068,0x00000006c5480000)
 PSPermGen       total 26112K, used 25827K [0x00000006bae00000, 0x00000006bc780000, 0x00000006c0000000)
  object space 26112K, 98% used [0x00000006bae00000,0x00000006bc738e40,0x00000006bc780000)
}
Event: 8.677 GC heap before
{Heap before GC invocations=5 (full 0):
 PSYoungGen      total 138240K, used 138213K [0x0000000795500000, 0x000000079e100000, 0x0000000800000000)
  eden space 133120K, 100% used [0x0000000795500000,0x000000079d700000,0x000000079d700000)
  from space 5120K, 99% used [0x000000079dc00000,0x000000079e0f9620,0x000000079e100000)
  to   space 5120K, 0% used [0x000000079d700000,0x000000079d700000,0x000000079dc00000)
 ParOldGen       total 86528K, used 14564K [0x00000006c0000000, 0x00000006c5480000, 0x0000000795500000)
  object space 86528K, 16% used [0x00000006c0000000,0x00000006c0e39068,0x00000006c5480000)
 PSPermGen       total 32256K, used 32218K [0x00000006bae00000, 0x00000006bcd80000, 0x00000006c0000000)
  object space 32256K, 99% used [0x00000006bae00000,0x00000006bcd76860,0x00000006bcd80000)
Event: 8.701 GC heap after
Heap after GC invocations=5 (full 0):
 PSYoungGen      total 138240K, used 5109K [0x0000000795500000, 0x00000007a8000000, 0x0000000800000000)
  eden space 133120K, 0% used [0x0000000795500000,0x0000000795500000,0x000000079d700000)
  from space 5120K, 99% used [0x000000079d700000,0x000000079dbfd630,0x000000079dc00000)
  to   space 19968K, 0% used [0x00000007a6c80000,0x00000007a6c80000,0x00000007a8000000)
 ParOldGen       total 86528K, used 27242K [0x00000006c0000000, 0x00000006c5480000, 0x0000000795500000)
  object space 86528K, 31% used [0x00000006c0000000,0x00000006c1a9abd0,0x00000006c5480000)
 PSPermGen       total 32256K, used 32218K [0x00000006bae00000, 0x00000006bcd80000, 0x00000006c0000000)
  object space 32256K, 99% used [0x00000006bae00000,0x00000006bcd76860,0x00000006bcd80000)
}

