# JRE version: Java(TM) SE Runtime Environment (7.0_79-b15) (build 1.7.0_79-b15)
# Java VM: Java HotSpot(TM) 64-Bit Server VM (24.79-b02 mixed mode windows-amd64 compressed oops)
Heap
 PSYoungGen      total 145920K, used 112428K [0x0000000795500000, 0x00000007a7e00000, 0x0000000800000000)
  eden space 132096K, 74% used [0x0000000795500000,0x000000079b550220,0x000000079d600000)
  from space 13824K, 99% used [0x000000079d600000,0x000000079e37afc0,0x000000079e380000)
  to   space 19968K, 0% used [0x00000007a6a80000,0x00000007a6a80000,0x00000007a7e00000)
 ParOldGen       total 86528K, used 23634K [0x00000006c0000000, 0x00000006c5480000, 0x0000000795500000)
  object space 86528K, 27% used [0x00000006c0000000,0x00000006c17148a0,0x00000006c5480000)
 PSPermGen       total 43008K, used 42740K [0x00000006bae00000, 0x00000006bd800000, 0x00000006c0000000)
  object space 43008K, 99% used [0x00000006bae00000,0x00000006bd7bd028,0x00000006bd800000)
GC Heap History (10 events):
Event: 3.641 GC heap before
{Heap before GC invocations=3 (full 0):
 PSYoungGen      total 38400K, used 38397K [0x0000000795500000, 0x0000000797f80000, 0x0000000800000000)
  eden space 33280K, 100% used [0x0000000795500000,0x0000000797580000,0x0000000797580000)
  from space 5120K, 99% used [0x0000000797a80000,0x0000000797f7f540,0x0000000797f80000)
  to   space 5120K, 0% used [0x0000000797580000,0x0000000797580000,0x0000000797a80000)
 ParOldGen       total 86528K, used 1882K [0x00000006c0000000, 0x00000006c5480000, 0x0000000795500000)
  object space 86528K, 2% used [0x00000006c0000000,0x00000006c01d6880,0x00000006c5480000)
 PSPermGen       total 21504K, used 18112K [0x00000006bae00000, 0x00000006bc300000, 0x00000006c0000000)
  object space 21504K, 84% used [0x00000006bae00000,0x00000006bbfb02b0,0x00000006bc300000)
Event: 3.654 GC heap after
Heap after GC invocations=3 (full 0):
 PSYoungGen      total 38400K, used 5093K [0x0000000795500000, 0x000000079a000000, 0x0000000800000000)
  eden space 33280K, 0% used [0x0000000795500000,0x0000000795500000,0x0000000797580000)
  from space 5120K, 99% used [0x0000000797580000,0x0000000797a79640,0x0000000797a80000)
  to   space 5120K, 0% used [0x0000000799b00000,0x0000000799b00000,0x000000079a000000)
 ParOldGen       total 86528K, used 5157K [0x00000006c0000000, 0x00000006c5480000, 0x0000000795500000)
  object space 86528K, 5% used [0x00000006c0000000,0x00000006c0509400,0x00000006c5480000)
 PSPermGen       total 21504K, used 18112K [0x00000006bae00000, 0x00000006bc300000, 0x00000006c0000000)
  object space 21504K, 84% used [0x00000006bae00000,0x00000006bbfb02b0,0x00000006bc300000)
}
Event: 4.253 GC heap before
{Heap before GC invocations=4 (full 0):
 PSYoungGen      total 38400K, used 38373K [0x0000000795500000, 0x000000079a000000, 0x0000000800000000)
  eden space 33280K, 100% used [0x0000000795500000,0x0000000797580000,0x0000000797580000)
  from space 5120K, 99% used [0x0000000797580000,0x0000000797a79640,0x0000000797a80000)
  to   space 5120K, 0% used [0x0000000799b00000,0x0000000799b00000,0x000000079a000000)
 ParOldGen       total 86528K, used 5157K [0x00000006c0000000, 0x00000006c5480000, 0x0000000795500000)
  object space 86528K, 5% used [0x00000006c0000000,0x00000006c0509400,0x00000006c5480000)
 PSPermGen       total 21504K, used 20680K [0x00000006bae00000, 0x00000006bc300000, 0x00000006c0000000)
  object space 21504K, 96% used [0x00000006bae00000,0x00000006bc2323e0,0x00000006bc300000)
Event: 4.271 GC heap after
Heap after GC invocations=4 (full 0):
 PSYoungGen      total 71680K, used 5109K [0x0000000795500000, 0x000000079a000000, 0x0000000800000000)
  eden space 66560K, 0% used [0x0000000795500000,0x0000000795500000,0x0000000799600000)
  from space 5120K, 99% used [0x0000000799b00000,0x0000000799ffd630,0x000000079a000000)
  to   space 5120K, 0% used [0x0000000799600000,0x0000000799600000,0x0000000799b00000)
 ParOldGen       total 86528K, used 9530K [0x00000006c0000000, 0x00000006c5480000, 0x0000000795500000)
  object space 86528K, 11% used [0x00000006c0000000,0x00000006c094ea18,0x00000006c5480000)
 PSPermGen       total 21504K, used 20680K [0x00000006bae00000, 0x00000006bc300000, 0x00000006c0000000)
  object space 21504K, 96% used [0x00000006bae00000,0x00000006bc2323e0,0x00000006bc300000)
}
Event: 5.670 GC heap before
{Heap before GC invocations=5 (full 0):
 PSYoungGen      total 71680K, used 71669K [0x0000000795500000, 0x000000079a000000, 0x0000000800000000)
  eden space 66560K, 100% used [0x0000000795500000,0x0000000799600000,0x0000000799600000)
  from space 5120K, 99% used [0x0000000799b00000,0x0000000799ffd630,0x000000079a000000)
  to   space 5120K, 0% used [0x0000000799600000,0x0000000799600000,0x0000000799b00000)
 ParOldGen       total 86528K, used 9530K [0x00000006c0000000, 0x00000006c5480000, 0x0000000795500000)
  object space 86528K, 11% used [0x00000006c0000000,0x00000006c094ea18,0x00000006c5480000)
 PSPermGen       total 26112K, used 25826K [0x00000006bae00000, 0x00000006bc780000, 0x00000006c0000000)
  object space 26112K, 98% used [0x00000006bae00000,0x00000006bc738aa8,0x00000006bc780000)
Event: 5.689 GC heap after
Heap after GC invocations=5 (full 0):
 PSYoungGen      total 71680K, used 5093K [0x0000000795500000, 0x000000079f000000, 0x0000000800000000)
  eden space 66560K, 0% used [0x0000000795500000,0x0000000795500000,0x0000000799600000)
  from space 5120K, 99% used [0x0000000799600000,0x0000000799af9660,0x0000000799b00000)
  to   space 12800K, 0% used [0x000000079e380000,0x000000079e380000,0x000000079f000000)
 ParOldGen       total 86528K, used 15025K [0x00000006c0000000, 0x00000006c5480000, 0x0000000795500000)
  object space 86528K, 17% used [0x00000006c0000000,0x00000006c0eac628,0x00000006c5480000)
 PSPermGen       total 26112K, used 25826K [0x00000006bae00000, 0x00000006bc780000, 0x00000006c0000000)
  object space 26112K, 98% used [0x00000006bae00000,0x00000006bc738aa8,0x00000006bc780000)
}
Event: 7.350 GC heap before
{Heap before GC invocations=6 (full 0):
 PSYoungGen      total 71680K, used 71653K [0x0000000795500000, 0x000000079f000000, 0x0000000800000000)
  eden space 66560K, 100% used [0x0000000795500000,0x0000000799600000,0x0000000799600000)
  from space 5120K, 99% used [0x0000000799600000,0x0000000799af9660,0x0000000799b00000)
  to   space 12800K, 0% used [0x000000079e380000,0x000000079e380000,0x000000079f000000)
 ParOldGen       total 86528K, used 15025K [0x00000006c0000000, 0x00000006c5480000, 0x0000000795500000)
  object space 86528K, 17% used [0x00000006c0000000,0x00000006c0eac628,0x00000006c5480000)
 PSPermGen       total 29184K, used 29077K [0x00000006bae00000, 0x00000006bca80000, 0x00000006c0000000)
  object space 29184K, 99% used [0x00000006bae00000,0x00000006bca65640,0x00000006bca80000)
Event: 7.370 GC heap after
Heap after GC invocations=6 (full 0):
 PSYoungGen      total 144896K, used 11118K [0x0000000795500000, 0x000000079f200000, 0x0000000800000000)
  eden space 132096K, 0% used [0x0000000795500000,0x0000000795500000,0x000000079d600000)
  from space 12800K, 86% used [0x000000079e380000,0x000000079ee5bba0,0x000000079f000000)
  to   space 13824K, 0% used [0x000000079d600000,0x000000079d600000,0x000000079e380000)
 ParOldGen       total 86528K, used 15033K [0x00000006c0000000, 0x00000006c5480000, 0x0000000795500000)
  object space 86528K, 17% used [0x00000006c0000000,0x00000006c0eae628,0x00000006c5480000)
 PSPermGen       total 29184K, used 29077K [0x00000006bae00000, 0x00000006bca80000, 0x00000006c0000000)
  object space 29184K, 99% used [0x00000006bae00000,0x00000006bca65640,0x00000006bca80000)
}
Event: 9.549 GC heap before
{Heap before GC invocations=7 (full 0):
 PSYoungGen      total 144896K, used 143214K [0x0000000795500000, 0x000000079f200000, 0x0000000800000000)
  eden space 132096K, 100% used [0x0000000795500000,0x000000079d600000,0x000000079d600000)
  from space 12800K, 86% used [0x000000079e380000,0x000000079ee5bba0,0x000000079f000000)
  to   space 13824K, 0% used [0x000000079d600000,0x000000079d600000,0x000000079e380000)
 ParOldGen       total 86528K, used 15033K [0x00000006c0000000, 0x00000006c5480000, 0x0000000795500000)
  object space 86528K, 17% used [0x00000006c0000000,0x00000006c0eae628,0x00000006c5480000)
 PSPermGen       total 38912K, used 38538K [0x00000006bae00000, 0x00000006bd400000, 0x00000006c0000000)
  object space 38912K, 99% used [0x00000006bae00000,0x00000006bd3a28a0,0x00000006bd400000)
Event: 9.620 GC heap after
Heap after GC invocations=7 (full 0):
 PSYoungGen      total 145920K, used 13803K [0x0000000795500000, 0x00000007a7e00000, 0x0000000800000000)
  eden space 132096K, 0% used [0x0000000795500000,0x0000000795500000,0x000000079d600000)
  from space 13824K, 99% used [0x000000079d600000,0x000000079e37afc0,0x000000079e380000)
  to   space 19968K, 0% used [0x00000007a6a80000,0x00000007a6a80000,0x00000007a7e00000)
 ParOldGen       total 86528K, used 23634K [0x00000006c0000000, 0x00000006c5480000, 0x0000000795500000)
  object space 86528K, 27% used [0x00000006c0000000,0x00000006c17148a0,0x00000006c5480000)
 PSPermGen       total 38912K, used 38538K [0x00000006bae00000, 0x00000006bd400000, 0x00000006c0000000)
  object space 38912K, 99% used [0x00000006bae00000,0x00000006bd3a28a0,0x00000006bd400000)
}

